<?xml version="1.0" encoding="UTF-8"?>
<!-- Generated by org.testng.reporters.JUnitXMLReporter -->
<testsuite ignored="4" hostname="Melvin_Merin" failures="1" tests="3" name="Test" time="2.107" errors="0" timestamp="2025-10-02T13:56:26 IST">
  <testcase classname="testscript.LoginTest" name="verifyLoginByValidCredentials" time="1.712">
    <skipped/>
  </testcase> <!-- verifyLoginByValidCredentials -->
  <testcase classname="testscript.LoginTest" name="verifyLoginByValidCredentials" time="0.148">
    <skipped/>
  </testcase> <!-- verifyLoginByValidCredentials -->
  <testcase classname="testscript.LoginTest" name="verifyLoginByValidCredentials" time="0.13">
    <failure type="java.lang.NullPointerException" message="Cannot invoke &amp;quot;org.openqa.selenium.WebDriver.getCurrentUrl()&amp;quot; because &amp;quot;this.driver&amp;quot; is null">
      <![CDATA[java.lang.NullPointerException: Cannot invoke "org.openqa.selenium.WebDriver.getCurrentUrl()" because "this.driver" is null
at testscript.LoginTest.verifyLoginByValidCredentials(LoginTest.java:18)
at java.base/java.util.ArrayList.forEach(ArrayList.java:1596)
... Removed 25 stack frames]]>
    </failure>
  </testcase> <!-- verifyLoginByValidCredentials -->
  <testcase classname="testscript.LoginTest" name="verifyLoginByInValidCredentials" time="0.0">
    <ignored/>
  </testcase> <!-- verifyLoginByInValidCredentials -->
  <testcase classname="testscript.HomeTest" name="VerifyLogout" time="0.0">
    <ignored/>
  </testcase> <!-- VerifyLogout -->
  <testcase classname="testscript.LoginTest" name="verifyLoginByInValidUsername" time="0.0">
    <ignored/>
  </testcase> <!-- verifyLoginByInValidUsername -->
  <testcase classname="testscript.LoginTest" name="verifyLoginByInvalidPassword" time="0.0">
    <ignored/>
  </testcase> <!-- verifyLoginByInvalidPassword -->
</testsuite> <!-- Test -->
