<?xml version="1.0" encoding="UTF-8"?>
<!-- Generated by org.testng.reporters.JUnitXMLReporter -->
<testsuite ignored="3" hostname="Melvin_Merin" failures="0" tests="1" name="Test" time="5.207" errors="0" timestamp="2025-10-07T10:57:29 IST">
  <testcase classname="testscript.LoginTest" name="verifyLoginByValidCredentials" time="1.261"/>
  <testcase classname="testscript.LoginTest" name="verifyLoginByInvalidPassword" time="0.0">
    <ignored/>
  </testcase> <!-- verifyLoginByInvalidPassword -->
  <testcase classname="testscript.LoginTest" name="verifyLoginByInValidCredentials" time="0.0">
    <ignored/>
  </testcase> <!-- verifyLoginByInValidCredentials -->
  <testcase classname="testscript.LoginTest" name="verifyLoginByInValidUsername" time="0.0">
    <ignored/>
  </testcase> <!-- verifyLoginByInValidUsername -->
</testsuite> <!-- Test -->
