<?xml version="1.0" encoding="UTF-8"?>
<testng-results ignored="0" total="1" passed="1" failed="0" skipped="0">
  <reporter-output>
  </reporter-output>
  <suite started-at="2025-09-27T00:47:02 IST" name="Default suite" finished-at="2025-09-27T00:47:09 IST" duration-ms="7069">
    <groups>
    </groups>
    <test started-at="2025-09-27T00:47:02 IST" name="Default test" finished-at="2025-09-27T00:47:09 IST" duration-ms="7069">
      <class name="testscript.HomeTest">
        <test-method is-config="true" signature="initalizeBrowser()[pri:0, instance:testscript.HomeTest@692f203f]" started-at="2025-09-27T00:47:02 IST" name="initalizeBrowser" finished-at="2025-09-27T00:47:05 IST" duration-ms="3644" status="PASS">
          <reporter-output>
          </reporter-output>
        </test-method> <!-- initalizeBrowser -->
        <test-method signature="VerifyLogout()[pri:0, instance:testscript.HomeTest@692f203f]" started-at="2025-09-27T00:47:05 IST" name="VerifyLogout" finished-at="2025-09-27T00:47:09 IST" duration-ms="3069" status="PASS">
          <reporter-output>
          </reporter-output>
        </test-method> <!-- VerifyLogout -->
        <test-method is-config="true" signature="browserClose()[pri:0, instance:testscript.HomeTest@692f203f]" started-at="2025-09-27T00:47:09 IST" name="browserClose" finished-at="2025-09-27T00:47:09 IST" duration-ms="271" status="PASS">
          <reporter-output>
          </reporter-output>
        </test-method> <!-- browserClose -->
      </class> <!-- testscript.HomeTest -->
    </test> <!-- Default test -->
  </suite> <!-- Default suite -->
</testng-results>
